<?xml version="1.0" encoding="UTF-8"?>
<!-- Generated by org.testng.reporters.JUnitXMLReporter -->
<testsuite hostname="Aju-PC" ignored="0" name="Default test" tests="3" failures="0" timestamp="02 Sep 2017 17:13:19 GMT" time="31.366" errors="0">
  <testcase name="createAccountsWithValidataData" time="20.67" classname="com.crm.testscripts.AdminTests"/>
  <testcase name="editAccountWithValidData" time="4.629" classname="com.crm.testscripts.AdminTests"/>
  <testcase name="removeCreateAccount" time="0.415" classname="com.crm.testscripts.AdminTests"/>
</testsuite> <!-- Default test -->
