<?xml version="1.0" encoding="UTF-8"?>
<testng-results skipped="0" failed="0" ignored="0" total="3" passed="3">
  <reporter-output>
  </reporter-output>
  <suite name="Default suite" duration-ms="31366" started-at="2017-09-02T17:12:47Z" finished-at="2017-09-02T17:13:19Z">
    <groups>
    </groups>
    <test name="Default test" duration-ms="31366" started-at="2017-09-02T17:12:47Z" finished-at="2017-09-02T17:13:19Z">
      <class name="com.crm.testscripts.AdminTests">
        <test-method status="PASS" signature="init()[pri:0, instance:com.crm.testscripts.AdminTests@f438e]" name="init" is-config="true" duration-ms="5624" started-at="2017-09-02T22:42:47Z" finished-at="2017-09-02T22:42:53Z">
          <reporter-output>
          </reporter-output>
        </test-method> <!-- init -->
        <test-method status="PASS" signature="createAccountsWithValidataData()[pri:0, instance:com.crm.testscripts.AdminTests@f438e]" name="createAccountsWithValidataData" duration-ms="20670" started-at="2017-09-02T22:42:53Z" description="create account with validate data" finished-at="2017-09-02T22:43:14Z">
          <reporter-output>
          </reporter-output>
        </test-method> <!-- createAccountsWithValidataData -->
        <test-method status="PASS" signature="editAccountWithValidData()[pri:0, instance:com.crm.testscripts.AdminTests@f438e]" name="editAccountWithValidData" duration-ms="4629" started-at="2017-09-02T22:43:14Z" description="Edit account with valid data" finished-at="2017-09-02T22:43:18Z">
          <reporter-output>
          </reporter-output>
        </test-method> <!-- editAccountWithValidData -->
        <test-method status="PASS" signature="removeCreateAccount()[pri:0, instance:com.crm.testscripts.AdminTests@f438e]" name="removeCreateAccount" duration-ms="415" started-at="2017-09-02T22:43:18Z" description="remove the created account" finished-at="2017-09-02T22:43:19Z">
          <reporter-output>
          </reporter-output>
        </test-method> <!-- removeCreateAccount -->
      </class> <!-- com.crm.testscripts.AdminTests -->
    </test> <!-- Default test -->
  </suite> <!-- Default suite -->
</testng-results>
